<?xml version="1.0" encoding="UTF-8"?>
<!-- Generated by org.testng.reporters.JUnitXMLReporter -->
<testsuite hostname="SONALI-DESKTOP" name="Test" tests="3" failures="0" timestamp="14 Mar 2022 01:38:06 GMT" time="36.465" errors="0">
  <testcase name="book_flight_roundTrip" time="18.197" classname="com.aircanada.testCases.SearchFlightTest"/>
  <testcase name="verify_Dept_date" time="5.18" classname="com.aircanada.testCases.SearchFlightTest"/>
  <testcase name="verify_displayed_tabs" time="0.536" classname="com.aircanada.testCases.SearchFlightTest"/>
</testsuite> <!-- Test -->
