<?xml version="1.0" encoding="UTF-8"?>
<!-- Generated by org.testng.reporters.JUnitXMLReporter -->
<testsuite hostname="SONALI-DESKTOP" name="Test" tests="3" failures="0" timestamp="13 Mar 2022 22:51:22 GMT" time="28.926" errors="0">
  <testcase name="book_flight_roundTrip" time="11.518" classname="com.aircanada.testCases.SearchFlightTest"/>
  <testcase name="verify_Dept_date" time="9.231" classname="com.aircanada.testCases.SearchFlightTest"/>
  <testcase name="verify_displayed_tabs" time="0.282" classname="com.aircanada.testCases.SearchFlightTest"/>
</testsuite> <!-- Test -->
