<?xml version="1.0" encoding="UTF-8"?>
<!-- Generated by org.testng.reporters.JUnitXMLReporter -->
<testsuite hostname="SONALI-DESKTOP" ignored="0" name="Test" tests="3" failures="0" timestamp="2022-03-13T15:37:05 PDT" time="31.343" errors="0">
  <testcase name="book_flight_roundTrip" time="10.92" classname="com.aircanada.testCases.SearchFlightTest"/>
  <testcase name="verify_Dept_date" time="10.115" classname="com.aircanada.testCases.SearchFlightTest"/>
  <testcase name="verify_displayed_tabs" time="0.563" classname="com.aircanada.testCases.SearchFlightTest"/>
</testsuite> <!-- Test -->
