<?xml version="1.0" encoding="UTF-8"?>
<!-- Generated by org.testng.reporters.JUnitXMLReporter -->
<testsuite ignored="0" hostname="SONALI-DESKTOP" failures="0" tests="3" name="Test" time="33.694" errors="0" timestamp="2022-03-13T17:27:52 PDT">
  <testcase classname="com.aircanada.testCases.SearchFlightTest" name="book_flight_roundTrip" time="21.67"/>
  <testcase classname="com.aircanada.testCases.SearchFlightTest" name="verify_Dept_date" time="4.006"/>
  <testcase classname="com.aircanada.testCases.SearchFlightTest" name="verify_displayed_tabs" time="0.299"/>
</testsuite> <!-- Test -->
