<?xml version="1.0" encoding="UTF-8"?>
<!-- Generated by org.testng.reporters.JUnitXMLReporter -->
<testsuite ignored="0" hostname="SONALI-DESKTOP" failures="0" tests="3" name="Test" time="29.651" errors="0" timestamp="2022-03-13T17:54:26 PDT">
  <testcase classname="com.aircanada.testCases.SearchFlightTest" name="book_flight_roundTrip" time="11.724"/>
  <testcase classname="com.aircanada.testCases.SearchFlightTest" name="verify_Dept_date" time="10.195"/>
  <testcase classname="com.aircanada.testCases.SearchFlightTest" name="verify_displayed_tabs" time="0.306"/>
</testsuite> <!-- Test -->
