<?xml version="1.0" encoding="UTF-8"?>
<testsuite xmlns:xsi="http://www.w3.org/2001/XMLSchema-instance" xsi:noNamespaceSchemaLocation="https://maven.apache.org/surefire/maven-surefire-plugin/xsd/surefire-test-report-3.0.xsd" version="3.0" name="TestSuite" time="32.307" tests="3" errors="0" skipped="0" failures="0">
  <properties>
[...]
</properties>
  <testcase name="book_flight_roundTrip" classname="com.aircanada.testCases.SearchFlightTest" time="10.914">
    <system-out><![CDATA[[INFO ] 2022-03-13 14:36:39.663 [main] BaseClass - Browser opened--------------------
[INFO ] 2022-03-13 14:36:43.321 [main] BaseClass - URL opened--------------------
[INFO ] 2022-03-13 14:36:43.394 [main] BaseClass - Title verified and desired page opened---------------------
[INFO ] 2022-03-13 14:36:46.091 [main] BaseClass - Country and Language set as desired---------------------
[INFO ] 2022-03-13 14:36:48.732 [main] BaseClass - Flight tab selected---------------------------
[INFO ] 2022-03-13 14:36:48.895 [main] BaseClass - Round Trip selected------------------------
[INFO ] 2022-03-13 14:36:49.088 [main] BaseClass - Origin selected------------------
[INFO ] 2022-03-13 14:36:49.251 [main] BaseClass - Destination selected-----------------
[INFO ] 2022-03-13 14:36:54.150 [main] BaseClass - Departure and Return dates are selected-------------------
]]></system-out>
    <system-err><![CDATA[[main] INFO io.github.bonigarcia.wdm.WebDriverManager - Using chromedriver 99.0.4844.51 (resolved driver for Chrome 99)
[main] INFO io.github.bonigarcia.wdm.WebDriverManager - Exporting webdriver.chrome.driver as C:\Users\Sonali Gangopadhyay\.cache\selenium\chromedriver\win32\99.0.4844.51\chromedriver.exe
Starting ChromeDriver 99.0.4844.51 (d537ec02474b5afe23684e7963d538896c63ac77-refs/branch-heads/4844@{#875}) on port 52817
Only local connections are allowed.
Please see https://chromedriver.chromium.org/security-considerations for suggestions on keeping ChromeDriver safe.
ChromeDriver was started successfully.
Mar 13, 2022 3:36:39 PM org.openqa.selenium.remote.ProtocolHandshake createSession
INFO: Detected dialect: W3C
Mar 13, 2022 3:36:39 PM org.openqa.selenium.devtools.CdpVersionFinder findNearestMatch
WARNING: Unable to find an exact match for CDP version 99, so returning the closest version found: 95
Mar 13, 2022 3:36:39 PM org.openqa.selenium.devtools.CdpVersionFinder findNearestMatch
INFO: Found CDP implementation for version 99 of 95
]]></system-err>
  </testcase>
  <testcase name="verify_Dept_date" classname="com.aircanada.testCases.SearchFlightTest" time="10.114">
    <system-out><![CDATA[[INFO ] 2022-03-13 14:37:04.448 [main] BaseClass - Page title verified for Select Flight page and navigation is correct -----
]]></system-out>
  </testcase>
  <testcase name="verify_displayed_tabs" classname="com.aircanada.testCases.SearchFlightTest" time="0.563">
    <system-out><![CDATA[[INFO ] 2022-03-13 14:37:04.635 [main] BaseClass - Departure date is verified---------------------
[INFO ] 2022-03-13 14:37:04.635 [main] BaseClass - Departure date is verified---------------------
[INFO ] 2022-03-13 14:37:05.011 [main] BaseClass - Expected Tabs are found-------
[INFO ] 2022-03-13 14:37:05.011 [main] BaseClass - Tabs are verified-------------------------
]]></system-out>
  </testcase>
</testsuite>