<?xml version="1.0" encoding="UTF-8"?>
<testng-results ignored="0" total="3" passed="3" failed="0" skipped="0">
  <reporter-output>
  </reporter-output>
  <suite started-at="2022-03-13T17:27:18 PDT" name="Suite" finished-at="2022-03-13T17:27:52 PDT" duration-ms="33694">
    <groups>
    </groups>
    <test started-at="2022-03-13T17:27:18 PDT" name="Test" finished-at="2022-03-13T17:27:52 PDT" duration-ms="33694">
      <class name="com.aircanada.testCases.SearchFlightTest">
        <test-method is-config="true" signature="setUp(java.lang.String)[pri:0, instance:com.aircanada.testCases.SearchFlightTest@4ce7fffa]" started-at="2022-03-13T17:27:18 PDT" name="setUp" finished-at="2022-03-13T17:27:25 PDT" duration-ms="6658" status="PASS">
          <params>
            <param index="0">
              <value>
                <![CDATA[chrome]]>
              </value>
            </param>
          </params>
          <reporter-output>
          </reporter-output>
        </test-method> <!-- setUp -->
        <test-method signature="book_flight_roundTrip()[pri:1, instance:com.aircanada.testCases.SearchFlightTest@4ce7fffa]" started-at="2022-03-13T17:27:25 PDT" name="book_flight_roundTrip" finished-at="2022-03-13T17:27:47 PDT" duration-ms="21670" status="PASS">
          <reporter-output>
          </reporter-output>
        </test-method> <!-- book_flight_roundTrip -->
        <test-method signature="verify_Dept_date()[pri:2, instance:com.aircanada.testCases.SearchFlightTest@4ce7fffa]" started-at="2022-03-13T17:27:47 PDT" name="verify_Dept_date" finished-at="2022-03-13T17:27:51 PDT" duration-ms="4006" status="PASS">
          <reporter-output>
          </reporter-output>
        </test-method> <!-- verify_Dept_date -->
        <test-method signature="verify_displayed_tabs()[pri:3, instance:com.aircanada.testCases.SearchFlightTest@4ce7fffa]" started-at="2022-03-13T17:27:51 PDT" name="verify_displayed_tabs" finished-at="2022-03-13T17:27:51 PDT" duration-ms="299" status="PASS">
          <reporter-output>
          </reporter-output>
        </test-method> <!-- verify_displayed_tabs -->
        <test-method is-config="true" signature="tearDown()[pri:0, instance:com.aircanada.testCases.SearchFlightTest@4ce7fffa]" started-at="2022-03-13T17:27:51 PDT" name="tearDown" finished-at="2022-03-13T17:27:52 PDT" duration-ms="1028" status="PASS">
          <reporter-output>
          </reporter-output>
        </test-method> <!-- tearDown -->
      </class> <!-- com.aircanada.testCases.SearchFlightTest -->
    </test> <!-- Test -->
  </suite> <!-- Suite -->
</testng-results>
