<?xml version="1.0" encoding="UTF-8"?>
<testsuite xmlns:xsi="http://www.w3.org/2001/XMLSchema-instance" xsi:noNamespaceSchemaLocation="https://maven.apache.org/surefire/maven-surefire-plugin/xsd/surefire-test-report-3.0.xsd" version="3.0" name="TestSuite" time="10.994" tests="3" errors="0" skipped="0" failures="3">
  <properties>
[...]
</properties>
  <testcase name="book_flight_roundTrip" classname="com.aircanada.testCases.SearchFlightTest" time="2.94">
    <failure message="element click intercepted: Element &lt;div class=&quot;abc-dir-ltr abc-form-element-main abc-form-element-native-pseudo-select abc-form-element-select user-select-none ng-star-inserted option-selected&quot; id=&quot;siteEditionDropdownSelectedOption&quot; aria-hidden=&quot;true&quot;&gt;...&lt;/div&gt; is not clickable at point (802, 269). Other element would receive the click: &lt;select autocorrect=&quot;off&quot; spellcheck=&quot;false&quot; autocomplete=&quot;off&quot; class=&quot;abc-form-element-native-select ng-untouched ng-pristine ng-valid&quot; id=&quot;siteEditionDropdown&quot; aria-invalid=&quot;false&quot; aria-required=&quot;false&quot; aria-disabled=&quot;false&quot; aria-readonly=&quot;false&quot; aria-label=&quot;Select country - currency&quot; aria-describedby=&quot;siteEditionDropdownSubscript&quot;&gt;...&lt;/select&gt;&#10;  (Session info: chrome=99.0.4844.51)&#10;Build info: version: &apos;4.0.0&apos;, revision: &apos;3a21814679&apos;&#10;System info: host: &apos;SONALI-DESKTOP&apos;, ip: &apos;10.0.0.77&apos;, os.name: &apos;Windows 10&apos;, os.arch: &apos;amd64&apos;, os.version: &apos;10.0&apos;, java.version: &apos;11.0.9&apos;&#10;Driver info: org.openqa.selenium.chrome.ChromeDriver&#10;Command: [1b3bd1cf4077ec5c5c763e267f096a36, clickElement {id=b4948f58-87eb-4a71-803b-88a0bdb01bc9}]&#10;Capabilities {acceptInsecureCerts: false, browserName: chrome, browserVersion: 99.0.4844.51, chrome: {chromedriverVersion: 99.0.4844.51 (d537ec02474b5..., userDataDir: C:\WINDOWS\TEMP\scoped_dir1...}, goog:chromeOptions: {debuggerAddress: localhost:62088}, javascriptEnabled: true, networkConnectionEnabled: false, pageLoadStrategy: normal, platform: WINDOWS, platformName: WINDOWS, proxy: Proxy(), se:cdp: ws://localhost:62088/devtoo..., se:cdpVersion: 99.0.4844.51, setWindowRect: true, strictFileInteractability: false, timeouts: {implicit: 0, pageLoad: 300000, script: 30000}, unhandledPromptBehavior: dismiss and notify, webauthn:extension:credBlob: true, webauthn:extension:largeBlob: true, webauthn:virtualAuthenticators: true}&#10;Element: [[ChromeDriver: chrome on WINDOWS (1b3bd1cf4077ec5c5c763e267f096a36)] -&gt; id: siteEditionDropdownSelectedOption]&#10;Session ID: 1b3bd1cf4077ec5c5c763e267f096a36" type="org.openqa.selenium.ElementClickInterceptedException"><![CDATA[org.openqa.selenium.ElementClickInterceptedException: 
element click intercepted: Element <div class="abc-dir-ltr abc-form-element-main abc-form-element-native-pseudo-select abc-form-element-select user-select-none ng-star-inserted option-selected" id="siteEditionDropdownSelectedOption" aria-hidden="true">...</div> is not clickable at point (802, 269). Other element would receive the click: <select autocorrect="off" spellcheck="false" autocomplete="off" class="abc-form-element-native-select ng-untouched ng-pristine ng-valid" id="siteEditionDropdown" aria-invalid="false" aria-required="false" aria-disabled="false" aria-readonly="false" aria-label="Select country - currency" aria-describedby="siteEditionDropdownSubscript">...</select>
  (Session info: chrome=99.0.4844.51)
Build info: version: '4.0.0', revision: '3a21814679'
System info: host: 'SONALI-DESKTOP', ip: '10.0.0.77', os.name: 'Windows 10', os.arch: 'amd64', os.version: '10.0', java.version: '11.0.9'
Driver info: org.openqa.selenium.chrome.ChromeDriver
Command: [1b3bd1cf4077ec5c5c763e267f096a36, clickElement {id=b4948f58-87eb-4a71-803b-88a0bdb01bc9}]
Capabilities {acceptInsecureCerts: false, browserName: chrome, browserVersion: 99.0.4844.51, chrome: {chromedriverVersion: 99.0.4844.51 (d537ec02474b5..., userDataDir: C:\WINDOWS\TEMP\scoped_dir1...}, goog:chromeOptions: {debuggerAddress: localhost:62088}, javascriptEnabled: true, networkConnectionEnabled: false, pageLoadStrategy: normal, platform: WINDOWS, platformName: WINDOWS, proxy: Proxy(), se:cdp: ws://localhost:62088/devtoo..., se:cdpVersion: 99.0.4844.51, setWindowRect: true, strictFileInteractability: false, timeouts: {implicit: 0, pageLoad: 300000, script: 30000}, unhandledPromptBehavior: dismiss and notify, webauthn:extension:credBlob: true, webauthn:extension:largeBlob: true, webauthn:virtualAuthenticators: true}
Element: [[ChromeDriver: chrome on WINDOWS (1b3bd1cf4077ec5c5c763e267f096a36)] -> id: siteEditionDropdownSelectedOption]
Session ID: 1b3bd1cf4077ec5c5c763e267f096a36
	at com.aircanada.testCases.SearchFlightTest.book_flight_roundTrip(SearchFlightTest.java:26)
]]></failure>
    <system-out><![CDATA[[INFO ] 2022-03-13 17:05:20.216 [main] BaseClass - Browser opened--------------------
[INFO ] 2022-03-13 17:05:23.707 [main] BaseClass - URL opened--------------------
[INFO ] 2022-03-13 17:05:23.722 [main] BaseClass - Title verified and desired page opened---------------------
]]></system-out>
    <system-err><![CDATA[[main] INFO io.github.bonigarcia.wdm.WebDriverManager - Using chromedriver 99.0.4844.51 (resolved driver for Chrome 99)
[main] INFO io.github.bonigarcia.wdm.WebDriverManager - Exporting webdriver.chrome.driver as C:\WINDOWS\system32\config\systemprofile\.cache\selenium\chromedriver\win32\99.0.4844.51\chromedriver.exe
Starting ChromeDriver 99.0.4844.51 (d537ec02474b5afe23684e7963d538896c63ac77-refs/branch-heads/4844@{#875}) on port 61312
Only local connections are allowed.
Please see https://chromedriver.chromium.org/security-considerations for suggestions on keeping ChromeDriver safe.
ChromeDriver was started successfully.
Mar 13, 2022 6:05:20 PM org.openqa.selenium.remote.ProtocolHandshake createSession
INFO: Detected dialect: W3C
Mar 13, 2022 6:05:20 PM org.openqa.selenium.devtools.CdpVersionFinder findNearestMatch
WARNING: Unable to find an exact match for CDP version 99, so returning the closest version found: 95
Mar 13, 2022 6:05:20 PM org.openqa.selenium.devtools.CdpVersionFinder findNearestMatch
INFO: Found CDP implementation for version 99 of 95
]]></system-err>
  </testcase>
  <testcase name="verify_Dept_date" classname="com.aircanada.testCases.SearchFlightTest" time="0">
    <failure type="java.lang.NullPointerException"><![CDATA[java.lang.NullPointerException
	at com.aircanada.testCases.SearchFlightTest.verify_Dept_date(SearchFlightTest.java:55)
]]></failure>
  </testcase>
  <testcase name="verify_displayed_tabs" classname="com.aircanada.testCases.SearchFlightTest" time="0">
    <failure type="java.lang.NullPointerException"><![CDATA[java.lang.NullPointerException
	at com.aircanada.testCases.SearchFlightTest.verify_displayed_tabs(SearchFlightTest.java:71)
]]></failure>
  </testcase>
</testsuite>