<?xml version="1.0" encoding="UTF-8"?>
<testng-results skipped="0" failed="0" total="3" passed="3">
  <reporter-output>
  </reporter-output>
  <suite name="Suite" duration-ms="28926" started-at="2022-03-13T22:50:53Z" finished-at="2022-03-13T22:51:22Z">
    <groups>
    </groups>
    <test name="Test" duration-ms="28926" started-at="2022-03-13T22:50:53Z" finished-at="2022-03-13T22:51:22Z">
      <class name="com.aircanada.testCases.SearchFlightTest">
        <test-method status="PASS" signature="setUp(java.lang.String)[pri:0, instance:com.aircanada.testCases.SearchFlightTest@78b1cc93]" name="setUp" is-config="true" duration-ms="6980" started-at="2022-03-13T15:50:53Z" finished-at="2022-03-13T15:51:00Z">
          <params>
            <param index="0">
              <value>
                <![CDATA[chrome]]>
              </value>
            </param>
          </params>
          <reporter-output>
          </reporter-output>
        </test-method> <!-- setUp -->
        <test-method status="PASS" signature="book_flight_roundTrip()[pri:1, instance:com.aircanada.testCases.SearchFlightTest@78b1cc93]" name="book_flight_roundTrip" duration-ms="11518" started-at="2022-03-13T15:51:00Z" finished-at="2022-03-13T15:51:12Z">
          <reporter-output>
          </reporter-output>
        </test-method> <!-- book_flight_roundTrip -->
        <test-method status="PASS" signature="verify_Dept_date()[pri:2, instance:com.aircanada.testCases.SearchFlightTest@78b1cc93]" name="verify_Dept_date" duration-ms="9231" started-at="2022-03-13T15:51:12Z" finished-at="2022-03-13T15:51:21Z">
          <reporter-output>
          </reporter-output>
        </test-method> <!-- verify_Dept_date -->
        <test-method status="PASS" signature="verify_displayed_tabs()[pri:3, instance:com.aircanada.testCases.SearchFlightTest@78b1cc93]" name="verify_displayed_tabs" duration-ms="282" started-at="2022-03-13T15:51:21Z" finished-at="2022-03-13T15:51:21Z">
          <reporter-output>
          </reporter-output>
        </test-method> <!-- verify_displayed_tabs -->
        <test-method status="PASS" signature="tearDown()[pri:0, instance:com.aircanada.testCases.SearchFlightTest@78b1cc93]" name="tearDown" is-config="true" duration-ms="884" started-at="2022-03-13T15:51:21Z" finished-at="2022-03-13T15:51:22Z">
          <reporter-output>
          </reporter-output>
        </test-method> <!-- tearDown -->
      </class> <!-- com.aircanada.testCases.SearchFlightTest -->
    </test> <!-- Test -->
  </suite> <!-- Suite -->
</testng-results>
